<?xml version="1.0" encoding="UTF-8"?>
<testng-results ignored="0" total="1" passed="1" failed="0" skipped="0">
  <reporter-output>
  </reporter-output>
  <suite started-at="2022-12-18T14:02:30 IST" name="Default suite" finished-at="2022-12-18T14:02:53 IST" duration-ms="22752">
    <groups>
    </groups>
    <test started-at="2022-12-18T14:02:30 IST" name="Default test" finished-at="2022-12-18T14:02:53 IST" duration-ms="22752">
      <class name="testCases.ModifyCustomerInformation">
        <test-method is-config="true" signature="initializeBrowser()[pri:0, instance:testCases.ModifyCustomerInformation@692f203f]" started-at="2022-12-18T14:02:30 IST" name="initializeBrowser" finished-at="2022-12-18T14:02:44 IST" duration-ms="14186" status="PASS">
          <reporter-output>
          </reporter-output>
        </test-method> <!-- initializeBrowser -->
        <test-method signature="modifyPersonalDetails()[pri:0, instance:testCases.ModifyCustomerInformation@692f203f]" started-at="2022-12-18T14:02:44 IST" name="modifyPersonalDetails" finished-at="2022-12-18T14:02:52 IST" duration-ms="7892" status="PASS">
          <reporter-output>
          </reporter-output>
        </test-method> <!-- modifyPersonalDetails -->
        <test-method is-config="true" signature="tearDown()[pri:0, instance:testCases.ModifyCustomerInformation@692f203f]" started-at="2022-12-18T14:02:52 IST" name="tearDown" finished-at="2022-12-18T14:02:53 IST" duration-ms="590" status="PASS">
          <reporter-output>
          </reporter-output>
        </test-method> <!-- tearDown -->
      </class> <!-- testCases.ModifyCustomerInformation -->
    </test> <!-- Default test -->
  </suite> <!-- Default suite -->
</testng-results>
